230 56 31 0
174 48 32 0
220 55 50 0
215 54 31 0
207 53 40 0
168 47 40 0
123 42 31 0
216 54 50 0
136 43 31 0
227 56 56 1
28 32 32 1
231 56 31 0
112 41 39 0
122 42 33 0
83 39 42 0
104 41 40 0
140 44 31 0
145 44 33 0
201 52 33 0
9 31 31 1
73 37 31 0
229 56 56 1
47 34 36 0
133 43 43 1
160 46 40 0
96 40 31 0
80 38 31 0
68 37 33 0
129 43 43 1
167 47 31 0
101 40 40 1
15 31 31 1
118 42 33 0
8 31 31 1
132 43 31 0
183 49 33 0
7 31 31 1
102 40 31 0
1 31 31 1
70 37 31 0
17 31 34 0
164 46 40 0
172 47 40 0
5 31 31 1
178 48 48 1
173 48 31 0
30 33 33 1
199 51 44 0
84 39 39 1
90 39 31 0
232 56 56 1
11 31 31 1
185 49 49 1
204 52 33 0
62 36 34 0
105 41 31 0
146 44 34 0
209 53 40 0
119 42 31 0
228 56 31 0
39 33 33 1
124 42 33 0
135 43 43 1
63 36 43 0
66 37 39 0
212 53 31 0
16 31 31 1
55 35 31 0
111 41 44 0
31 33 33 1
50 34 33 0
210 53 40 0
193 50 50 1
24 32 32 1
82 38 31 0
93 40 33 0
64 37 31 0
109 41 31 0
85 39 39 1
158 46 36 0
221 55 39 0
100 40 31 0
54 35 31 0
81 38 36 0
208 53 31 0
213 54 31 0
144 44 34 0
141 44 31 0
6 31 31 1
179 48 48 1
108 41 40 0
32 33 33 1
211 53 31 0
98 40 31 0
121 42 33 0
186 49 31 0
91 39 38 0
197 51 31 0
89 39 36 0
56 35 36 0
153 45 33 0
117 42 33 0
34 33 33 1
67 37 31 0
33 33 33 1
13 31 31 1
114 41 41 1
18 31 31 1
195 51 33 0
226 56 31 0
218 54 31 0
26 32 32 1
92 39 38 0
99 40 31 0
77 38 31 0
2 31 31 1
154 45 33 0
87 39 39 1
214 54 31 0
12 31 31 1
95 40 40 1
177 48 34 0
78 38 31 0
191 50 34 0
10 31 31 1
59 36 31 0
22 32 43 0
40 33 31 0
19 31 35 0
155 45 33 0
159 46 45 0
53 35 31 0
171 47 31 0
206 52 33 0
48 34 31 0
169 47 31 0
143 44 33 0
103 40 34 0
14 31 31 1
131 43 33 0
35 33 33 1
182 49 33 0
156 45 33 0
170 47 31 0
36 33 33 1
3 31 31 1
161 46 31 0
45 34 34 1
137 43 43 1
52 35 36 0
184 49 33 0
42 33 33 1
187 49 37 0
152 45 43 0
20 31 31 1
21 31 32 0
94 40 31 0
223 55 32 0
27 32 39 0
130 43 43 1
139 44 34 0
134 43 31 0
202 52 31 0
150 45 33 0
188 49 37 0
72 37 32 0
126 43 44 0
196 51 40 0
41 33 33 1
225 56 31 0
79 38 31 0
57 35 35 1
219 55 44 0
60 36 35 0
37 33 33 1
0 31 31 1
46 34 46 0
51 34 31 0
29 32 31 0
194 50 50 1
180 48 31 0
49 34 31 0
44 34 31 0
149 45 39 0
165 46 31 0
107 41 31 0
192 50 50 1
71 37 31 0
120 42 33 0
142 44 33 0
23 32 31 0
175 48 34 0
43 33 45 0
205 52 33 0
74 37 31 0
200 51 32 0
86 39 38 0
88 39 39 1
224 55 31 0
189 50 50 1
25 32 37 0
162 46 31 0
65 37 31 0
163 46 33 0
97 40 33 0
127 43 33 0
58 36 31 0
113 41 40 0
198 51 33 0
76 38 31 0
106 41 41 1
176 48 31 0
38 33 33 1
203 52 33 0
190 50 50 1
115 42 31 0
75 37 31 0
125 42 33 0
116 42 42 1
128 43 33 0
157 45 43 0
