230 56 36 0
174 48 31 0
220 55 33 0
215 54 48 0
207 53 36 0
168 47 36 0
123 42 40 0
216 54 39 0
136 43 31 0
227 56 31 0
28 32 31 0
231 56 40 0
112 41 40 0
122 42 42 1
83 39 42 0
104 41 31 0
140 44 44 1
145 44 36 0
201 52 52 1
9 31 31 1
73 37 31 0
229 56 31 0
47 34 38 0
133 43 36 0
160 46 50 0
96 40 31 0
80 38 38 1
68 37 33 0
129 43 43 1
167 47 31 0
101 40 36 0
15 31 38 0
118 42 33 0
8 31 31 1
132 43 38 0
183 49 33 0
7 31 31 1
102 40 31 0
1 31 31 1
70 37 36 0
17 31 31 1
164 46 31 0
172 47 31 0
5 31 31 1
178 48 35 0
173 48 31 0
30 33 33 1
199 51 31 0
84 39 39 1
90 39 31 0
232 56 31 0
11 31 31 1
185 49 33 0
204 52 42 0
62 36 36 1
105 41 39 0
146 44 44 1
209 53 31 0
119 42 33 0
228 56 38 0
39 33 31 0
124 42 33 0
135 43 44 0
63 36 35 0
66 37 31 0
212 53 32 0
16 31 31 1
55 35 35 1
111 41 32 0
31 33 33 1
50 34 33 0
210 53 35 0
193 50 42 0
24 32 31 0
82 38 35 0
93 40 42 0
64 37 31 0
109 41 31 0
85 39 35 0
158 46 42 0
221 55 42 0
100 40 33 0
54 35 37 0
81 38 31 0
208 53 31 0
213 54 54 1
144 44 44 1
141 44 33 0
6 31 41 0
179 48 31 0
108 41 38 0
32 33 33 1
211 53 43 0
98 40 40 1
121 42 33 0
186 49 31 0
91 39 38 0
197 51 33 0
89 39 31 0
56 35 31 0
153 45 33 0
117 42 33 0
34 33 33 1
67 37 40 0
33 33 33 1
13 31 35 0
114 41 40 0
18 31 38 0
195 51 49 0
226 56 31 0
218 54 39 0
26 32 31 0
92 39 38 0
99 40 33 0
77 38 39 0
2 31 31 1
154 45 33 0
87 39 39 1
214 54 39 0
12 31 31 1
95 40 35 0
177 48 41 0
78 38 31 0
191 50 50 1
10 31 31 1
59 36 36 1
22 32 31 0
40 33 32 0
19 31 31 1
155 45 33 0
159 46 37 0
53 35 31 0
171 47 31 0
206 52 49 0
48 34 33 0
169 47 31 0
143 44 31 0
103 40 36 0
14 31 55 0
131 43 31 0
35 33 33 1
182 49 33 0
156 45 33 0
170 47 31 0
36 33 33 1
3 31 31 1
161 46 31 0
45 34 31 0
137 43 31 0
52 35 35 1
184 49 33 0
42 33 33 1
187 49 49 1
152 45 42 0
20 31 31 1
21 31 31 1
94 40 33 0
223 55 48 0
27 32 31 0
130 43 31 0
139 44 31 0
134 43 38 0
202 52 43 0
150 45 42 0
188 49 31 0
72 37 31 0
126 43 36 0
196 51 36 0
41 33 33 1
225 56 31 0
79 38 31 0
57 35 33 0
219 55 36 0
60 36 33 0
37 33 33 1
0 31 36 0
46 34 33 0
51 34 34 1
29 32 32 1
194 50 39 0
180 48 48 1
49 34 52 0
44 34 33 0
149 45 33 0
165 46 33 0
107 41 51 0
192 50 42 0
71 37 31 0
120 42 33 0
142 44 31 0
23 32 31 0
175 48 31 0
43 33 33 1
205 52 42 0
74 37 39 0
200 51 32 0
86 39 31 0
88 39 39 1
224 55 36 0
189 50 42 0
25 32 35 0
162 46 34 0
65 37 34 0
163 46 42 0
97 40 33 0
127 43 31 0
58 36 36 1
113 41 39 0
198 51 49 0
76 38 31 0
106 41 31 0
176 48 31 0
38 33 33 1
203 52 42 0
190 50 42 0
115 42 33 0
75 37 31 0
125 42 42 1
116 42 42 1
128 43 43 1
157 45 33 0
