230 56 36 0
174 48 31 0
220 55 33 0
215 54 32 0
207 53 38 0
168 47 31 0
123 42 31 0
216 54 31 0
136 43 37 0
227 56 38 0
28 32 31 0
231 56 31 0
112 41 31 0
122 42 34 0
83 39 42 0
104 41 31 0
140 44 36 0
145 44 31 0
201 52 42 0
9 31 31 1
73 37 37 1
229 56 31 0
47 34 31 0
133 43 37 0
160 46 41 0
96 40 40 1
80 38 31 0
68 37 37 1
129 43 33 0
167 47 46 0
101 40 40 1
15 31 31 1
118 42 34 0
8 31 31 1
132 43 38 0
183 49 33 0
7 31 45 0
102 40 31 0
1 31 31 1
70 37 31 0
17 31 31 1
164 46 32 0
172 47 31 0
5 31 38 0
178 48 35 0
173 48 31 0
30 33 33 1
199 51 44 0
84 39 31 0
90 39 31 0
232 56 31 0
11 31 31 1
185 49 49 1
204 52 42 0
62 36 38 0
105 41 31 0
146 44 31 0
209 53 40 0
119 42 34 0
228 56 31 0
39 33 33 1
124 42 34 0
135 43 31 0
63 36 31 0
66 37 37 1
212 53 31 0
16 31 31 1
55 35 31 0
111 41 32 0
31 33 33 1
50 34 33 0
210 53 38 0
193 50 42 0
24 32 32 1
82 38 31 0
93 40 34 0
64 37 31 0
109 41 31 0
85 39 31 0
158 46 45 0
221 55 42 0
100 40 31 0
54 35 31 0
81 38 39 0
208 53 31 0
213 54 31 0
144 44 31 0
141 44 36 0
6 31 31 1
179 48 31 0
108 41 31 0
32 33 33 1
211 53 31 0
98 40 31 0
121 42 34 0
186 49 31 0
91 39 38 0
197 51 31 0
89 39 36 0
56 35 31 0
153 45 33 0
117 42 34 0
34 33 33 1
67 37 37 1
33 33 33 1
13 31 33 0
114 41 33 0
18 31 32 0
195 51 34 0
226 56 31 0
218 54 31 0
26 32 32 1
92 39 38 0
99 40 31 0
77 38 31 0
2 31 31 1
154 45 33 0
87 39 31 0
214 54 31 0
12 31 31 1
95 40 31 0
177 48 31 0
78 38 31 0
191 50 33 0
10 31 31 1
59 36 36 1
22 32 31 0
40 33 31 0
19 31 32 0
155 45 33 0
159 46 45 0
53 35 31 0
171 47 31 0
206 52 34 0
48 34 37 0
169 47 33 0
143 44 31 0
103 40 38 0
14 31 50 0
131 43 38 0
35 33 33 1
182 49 33 0
156 45 33 0
170 47 31 0
36 33 33 1
3 31 31 1
161 46 31 0
45 34 34 1
137 43 33 0
52 35 31 0
184 49 49 1
42 33 33 1
187 49 49 1
152 45 33 0
20 31 31 1
21 31 31 1
94 40 31 0
223 55 44 0
27 32 33 0
130 43 33 0
139 44 31 0
134 43 31 0
202 52 32 0
150 45 33 0
188 49 49 1
72 37 32 0
126 43 31 0
196 51 36 0
41 33 33 1
225 56 34 0
79 38 31 0
57 35 31 0
219 55 36 0
60 36 31 0
37 33 33 1
0 31 36 0
46 34 33 0
51 34 31 0
29 32 32 1
194 50 33 0
180 48 46 0
49 34 31 0
44 34 31 0
149 45 45 1
165 46 31 0
107 41 41 1
192 50 42 0
71 37 31 0
120 42 34 0
142 44 31 0
23 32 31 0
175 48 31 0
43 33 37 0
205 52 42 0
74 37 32 0
200 51 32 0
86 39 38 0
88 39 39 1
224 55 31 0
189 50 31 0
25 32 31 0
162 46 31 0
65 37 45 0
163 46 31 0
97 40 33 0
127 43 38 0
58 36 31 0
113 41 31 0
198 51 34 0
76 38 31 0
106 41 31 0
176 48 31 0
38 33 34 0
203 52 34 0
190 50 42 0
115 42 34 0
75 37 35 0
125 42 31 0
116 42 31 0
128 43 38 0
157 45 33 0
