230 56 40 0
174 48 37 0
220 55 31 0
215 54 32 0
207 53 40 0
168 47 33 0
123 42 37 0
216 54 50 0
136 43 43 1
227 56 56 1
28 32 32 1
231 56 40 0
112 41 38 0
122 42 33 0
83 39 42 0
104 41 41 1
140 44 44 1
145 44 33 0
201 52 42 0
9 31 31 1
73 37 49 0
229 56 56 1
47 34 41 0
133 43 35 0
160 46 40 0
96 40 40 1
80 38 34 0
68 37 31 0
129 43 40 0
167 47 55 0
101 40 33 0
15 31 31 1
118 42 33 0
8 31 31 1
132 43 40 0
183 49 55 0
7 31 31 1
102 40 31 0
1 31 31 1
70 37 40 0
17 31 53 0
164 46 31 0
172 47 53 0
5 31 31 1
178 48 48 1
173 48 31 0
30 33 33 1
199 51 44 0
84 39 39 1
90 39 36 0
232 56 56 1
11 31 31 1
185 49 33 0
204 52 42 0
62 36 38 0
105 41 41 1
146 44 52 0
209 53 40 0
119 42 33 0
228 56 40 0
39 33 31 0
124 42 33 0
135 43 44 0
63 36 31 0
66 37 33 0
212 53 40 0
16 31 33 0
55 35 38 0
111 41 44 0
31 33 33 1
50 34 33 0
210 53 40 0
193 50 50 1
24 32 37 0
82 38 31 0
93 40 42 0
64 37 37 1
109 41 44 0
85 39 39 1
158 46 46 1
221 55 41 0
100 40 33 0
54 35 35 1
81 38 39 0
208 53 43 0
213 54 31 0
144 44 40 0
141 44 44 1
6 31 31 1
179 48 48 1
108 41 41 1
32 33 33 1
211 53 51 0
98 40 40 1
121 42 42 1
186 49 43 0
91 39 38 0
197 51 33 0
89 39 36 0
56 35 35 1
153 45 33 0
117 42 33 0
34 33 33 1
67 37 37 1
33 33 33 1
13 31 31 1
114 41 36 0
18 31 35 0
195 51 42 0
226 56 56 1
218 54 33 0
26 32 32 1
92 39 38 0
99 40 40 1
77 38 38 1
2 31 31 1
154 45 33 0
87 39 39 1
214 54 54 1
12 31 38 0
95 40 56 0
177 48 34 0
78 38 38 1
191 50 40 0
10 31 31 1
59 36 38 0
22 32 49 0
40 33 31 0
19 31 31 1
155 45 33 0
159 46 44 0
53 35 35 1
171 47 31 0
206 52 33 0
48 34 37 0
169 47 40 0
143 44 44 1
103 40 44 0
14 31 31 1
131 43 43 1
35 33 33 1
182 49 33 0
156 45 33 0
170 47 40 0
36 33 33 1
3 31 31 1
161 46 43 0
45 34 34 1
137 43 33 0
52 35 35 1
184 49 33 0
42 33 55 0
187 49 33 0
152 45 49 0
20 31 31 1
21 31 32 0
94 40 40 1
223 55 47 0
27 32 48 0
130 43 43 1
139 44 44 1
134 43 40 0
202 52 33 0
150 45 39 0
188 49 33 0
72 37 32 0
126 43 37 0
196 51 40 0
41 33 33 1
225 56 40 0
79 38 44 0
57 35 41 0
219 55 40 0
60 36 31 0
37 33 33 1
0 31 31 1
46 34 46 0
51 34 31 0
29 32 32 1
194 50 50 1
180 48 43 0
49 34 31 0
44 34 31 0
149 45 33 0
165 46 31 0
107 41 31 0
192 50 50 1
71 37 33 0
120 42 33 0
142 44 44 1
23 32 31 0
175 48 34 0
43 33 33 1
205 52 42 0
74 37 33 0
200 51 37 0
86 39 38 0
88 39 39 1
224 55 31 0
189 50 50 1
25 32 32 1
162 46 44 0
65 37 35 0
163 46 33 0
97 40 40 1
127 43 43 1
58 36 38 0
113 41 38 0
198 51 51 1
76 38 31 0
106 41 41 1
176 48 35 0
38 33 42 0
203 52 33 0
190 50 50 1
115 42 40 0
75 37 31 0
125 42 33 0
116 42 52 0
128 43 43 1
157 45 49 0
