230 56 41 0
174 48 35 0
220 55 51 0
215 54 37 0
207 53 31 0
168 47 37 0
123 42 31 0
216 54 41 0
136 43 43 1
227 56 56 1
28 32 31 0
231 56 42 0
112 41 55 0
122 42 41 0
83 39 42 0
104 41 31 0
140 44 42 0
145 44 44 1
201 52 42 0
9 31 31 1
73 37 35 0
229 56 56 1
47 34 55 0
133 43 55 0
160 46 48 0
96 40 40 1
80 38 38 1
68 37 37 1
129 43 33 0
167 47 48 0
101 40 40 1
15 31 31 1
118 42 41 0
8 31 31 1
132 43 38 0
183 49 33 0
7 31 39 0
102 40 35 0
1 31 31 1
70 37 40 0
17 31 31 1
164 46 38 0
172 47 37 0
5 31 44 0
178 48 36 0
173 48 41 0
30 33 33 1
199 51 37 0
84 39 56 0
90 39 39 1
232 56 31 0
11 31 38 0
185 49 33 0
204 52 42 0
62 36 38 0
105 41 41 1
146 44 44 1
209 53 51 0
119 42 41 0
228 56 43 0
39 33 33 1
124 42 41 0
135 43 43 1
63 36 49 0
66 37 42 0
212 53 43 0
16 31 42 0
55 35 35 1
111 41 37 0
31 33 33 1
50 34 33 0
210 53 35 0
193 50 42 0
24 32 31 0
82 38 38 1
93 40 51 0
64 37 37 1
109 41 55 0
85 39 38 0
158 46 33 0
221 55 42 0
100 40 36 0
54 35 35 1
81 38 38 1
208 53 41 0
213 54 39 0
144 44 44 1
141 44 42 0
6 31 43 0
179 48 32 0
108 41 35 0
32 33 33 1
211 53 31 0
98 40 40 1
121 42 41 0
186 49 31 0
91 39 38 0
197 51 40 0
89 39 39 1
56 35 36 0
153 45 33 0
117 42 41 0
34 33 33 1
67 37 37 1
33 33 33 1
13 31 33 0
114 41 35 0
18 31 35 0
195 51 52 0
226 56 40 0
218 54 41 0
26 32 32 1
92 39 38 0
99 40 44 0
77 38 39 0
2 31 44 0
154 45 51 0
87 39 39 1
214 54 41 0
12 31 35 0
95 40 37 0
177 48 35 0
78 38 44 0
191 50 44 0
10 31 44 0
59 36 36 1
22 32 44 0
40 33 37 0
19 31 39 0
155 45 33 0
159 46 33 0
53 35 32 0
171 47 31 0
206 52 42 0
48 34 37 0
169 47 33 0
143 44 42 0
103 40 40 1
14 31 36 0
131 43 44 0
35 33 33 1
182 49 33 0
156 45 33 0
170 47 37 0
36 33 33 1
3 31 31 1
161 46 40 0
45 34 37 0
137 43 41 0
52 35 35 1
184 49 33 0
42 33 33 1
187 49 37 0
152 45 33 0
20 31 31 1
21 31 31 1
94 40 40 1
223 55 37 0
27 32 42 0
130 43 33 0
139 44 44 1
134 43 33 0
202 52 40 0
150 45 52 0
188 49 49 1
72 37 37 1
126 43 33 0
196 51 40 0
41 33 33 1
225 56 41 0
79 38 55 0
57 35 31 0
219 55 55 1
60 36 31 0
37 33 33 1
0 31 36 0
46 34 37 0
51 34 35 0
29 32 48 0
194 50 36 0
180 48 40 0
49 34 35 0
44 34 46 0
149 45 45 1
165 46 42 0
107 41 38 0
192 50 42 0
71 37 31 0
120 42 41 0
142 44 44 1
23 32 31 0
175 48 33 0
43 33 55 0
205 52 42 0
74 37 49 0
200 51 44 0
86 39 38 0
88 39 39 1
224 55 31 0
189 50 42 0
25 32 32 1
162 46 36 0
65 37 33 0
163 46 40 0
97 40 31 0
127 43 43 1
58 36 31 0
113 41 54 0
198 51 52 0
76 38 38 1
106 41 35 0
176 48 43 0
38 33 33 1
203 52 41 0
190 50 42 0
115 42 41 0
75 37 39 0
125 42 33 0
116 42 33 0
128 43 43 1
157 45 33 0
