230 56 36 0
174 48 35 0
220 55 37 0
215 54 32 0
207 53 35 0
168 47 53 0
123 42 37 0
216 54 39 0
136 43 43 1
227 56 31 0
28 32 43 0
231 56 40 0
112 41 35 0
122 42 42 1
83 39 42 0
104 41 31 0
140 44 43 0
145 44 44 1
201 52 52 1
9 31 31 1
73 37 37 1
229 56 32 0
47 34 35 0
133 43 33 0
160 46 38 0
96 40 56 0
80 38 36 0
68 37 37 1
129 43 31 0
167 47 41 0
101 40 37 0
15 31 31 1
118 42 33 0
8 31 31 1
132 43 40 0
183 49 49 1
7 31 43 0
102 40 31 0
1 31 36 0
70 37 52 0
17 31 31 1
164 46 41 0
172 47 31 0
5 31 38 0
178 48 36 0
173 48 37 0
30 33 33 1
199 51 56 0
84 39 39 1
90 39 38 0
232 56 38 0
11 31 31 1
185 49 33 0
204 52 42 0
62 36 31 0
105 41 39 0
146 44 44 1
209 53 31 0
119 42 33 0
228 56 43 0
39 33 31 0
124 42 33 0
135 43 38 0
63 36 35 0
66 37 40 0
212 53 53 1
16 31 38 0
55 35 35 1
111 41 32 0
31 33 33 1
50 34 33 0
210 53 36 0
193 50 42 0
24 32 41 0
82 38 39 0
93 40 42 0
64 37 32 0
109 41 31 0
85 39 36 0
158 46 33 0
221 55 42 0
100 40 40 1
54 35 34 0
81 38 39 0
208 53 43 0
213 54 54 1
144 44 44 1
141 44 33 0
6 31 44 0
179 48 35 0
108 41 38 0
32 33 33 1
211 53 33 0
98 40 31 0
121 42 33 0
186 49 33 0
91 39 38 0
197 51 40 0
89 39 31 0
56 35 36 0
153 45 33 0
117 42 33 0
34 33 33 1
67 37 37 1
33 33 33 1
13 31 31 1
114 41 52 0
18 31 31 1
195 51 49 0
226 56 31 0
218 54 39 0
26 32 43 0
92 39 40 0
99 40 40 1
77 38 39 0
2 31 31 1
154 45 33 0
87 39 39 1
214 54 39 0
12 31 31 1
95 40 39 0
177 48 52 0
78 38 38 1
191 50 44 0
10 31 44 0
59 36 36 1
22 32 37 0
40 33 33 1
19 31 31 1
155 45 45 1
159 46 31 0
53 35 31 0
171 47 44 0
206 52 49 0
48 34 35 0
169 47 33 0
143 44 31 0
103 40 40 1
14 31 55 0
131 43 40 0
35 33 33 1
182 49 42 0
156 45 33 0
170 47 37 0
36 33 33 1
3 31 31 1
161 46 37 0
45 34 44 0
137 43 41 0
52 35 35 1
184 49 33 0
42 33 33 1
187 49 40 0
152 45 42 0
20 31 31 1
21 31 43 0
94 40 40 1
223 55 32 0
27 32 36 0
130 43 31 0
139 44 44 1
134 43 53 0
202 52 48 0
150 45 42 0
188 49 37 0
72 37 32 0
126 43 37 0
196 51 36 0
41 33 33 1
225 56 35 0
79 38 43 0
57 35 36 0
219 55 52 0
60 36 36 1
37 33 33 1
0 31 31 1
46 34 34 1
51 34 42 0
29 32 31 0
194 50 39 0
180 48 44 0
49 34 35 0
44 34 37 0
149 45 45 1
165 46 33 0
107 41 56 0
192 50 42 0
71 37 37 1
120 42 33 0
142 44 41 0
23 32 31 0
175 48 35 0
43 33 31 0
205 52 42 0
74 37 35 0
200 51 53 0
86 39 31 0
88 39 39 1
224 55 40 0
189 50 42 0
25 32 37 0
162 46 40 0
65 37 34 0
163 46 42 0
97 40 51 0
127 43 40 0
58 36 31 0
113 41 39 0
198 51 49 0
76 38 31 0
106 41 41 1
176 48 44 0
38 33 33 1
203 52 42 0
190 50 42 0
115 42 33 0
75 37 35 0
125 42 42 1
116 42 42 1
128 43 43 1
157 45 33 0
