230 56 40 0
174 48 37 0
220 55 40 0
215 54 32 0
207 53 40 0
168 47 31 0
123 42 32 0
216 54 36 0
136 43 43 1
227 56 43 0
28 32 43 0
231 56 40 0
112 41 36 0
122 42 33 0
83 39 42 0
104 41 41 1
140 44 43 0
145 44 41 0
201 52 40 0
9 31 46 0
73 37 37 1
229 56 53 0
47 34 40 0
133 43 37 0
160 46 31 0
96 40 40 1
80 38 36 0
68 37 47 0
129 43 37 0
167 47 47 1
101 40 51 0
15 31 31 1
118 42 33 0
8 31 31 1
132 43 40 0
183 49 33 0
7 31 43 0
102 40 31 0
1 31 31 1
70 37 37 1
17 31 31 1
164 46 53 0
172 47 35 0
5 31 35 0
178 48 32 0
173 48 35 0
30 33 33 1
199 51 32 0
84 39 36 0
90 39 41 0
232 56 43 0
11 31 53 0
185 49 49 1
204 52 42 0
62 36 36 1
105 41 36 0
146 44 40 0
209 53 53 1
119 42 33 0
228 56 41 0
39 33 33 1
124 42 33 0
135 43 43 1
63 36 44 0
66 37 43 0
212 53 43 0
16 31 31 1
55 35 35 1
111 41 32 0
31 33 33 1
50 34 34 1
210 53 40 0
193 50 42 0
24 32 43 0
82 38 35 0
93 40 33 0
64 37 31 0
109 41 41 1
85 39 36 0
158 46 46 1
221 55 42 0
100 40 34 0
54 35 38 0
81 38 34 0
208 53 32 0
213 54 36 0
144 44 41 0
141 44 36 0
6 31 31 1
179 48 48 1
108 41 36 0
32 33 33 1
211 53 51 0
98 40 35 0
121 42 33 0
186 49 49 1
91 39 38 0
197 51 33 0
89 39 36 0
56 35 35 1
153 45 45 1
117 42 33 0
34 33 33 1
67 37 37 1
33 33 33 1
13 31 44 0
114 41 36 0
18 31 31 1
195 51 33 0
226 56 53 0
218 54 36 0
26 32 43 0
92 39 36 0
99 40 33 0
77 38 36 0
2 31 31 1
154 45 34 0
87 39 36 0
214 54 36 0
12 31 31 1
95 40 37 0
177 48 37 0
78 38 31 0
191 50 36 0
10 31 44 0
59 36 35 0
22 32 32 1
40 33 33 1
19 31 31 1
155 45 45 1
159 46 34 0
53 35 35 1
171 47 31 0
206 52 33 0
48 34 33 0
169 47 47 1
143 44 43 0
103 40 40 1
14 31 36 0
131 43 40 0
35 33 33 1
182 49 33 0
156 45 33 0
170 47 37 0
36 33 33 1
3 31 31 1
161 46 31 0
45 34 31 0
137 43 43 1
52 35 35 1
184 49 33 0
42 33 33 1
187 49 49 1
152 45 31 0
20 31 35 0
21 31 31 1
94 40 36 0
223 55 32 0
27 32 43 0
130 43 40 0
139 44 41 0
134 43 35 0
202 52 31 0
150 45 33 0
188 49 49 1
72 37 31 0
126 43 43 1
196 51 40 0
41 33 33 1
225 56 43 0
79 38 38 1
57 35 35 1
219 55 38 0
60 36 33 0
37 33 33 1
0 31 41 0
46 34 45 0
51 34 39 0
29 32 32 1
194 50 34 0
180 48 37 0
49 34 33 0
44 34 31 0
149 45 45 1
165 46 46 1
107 41 35 0
192 50 42 0
71 37 31 0
120 42 33 0
142 44 43 0
23 32 43 0
175 48 56 0
43 33 33 1
205 52 42 0
74 37 37 1
200 51 32 0
86 39 36 0
88 39 39 1
224 55 40 0
189 50 42 0
25 32 37 0
162 46 31 0
65 37 37 1
163 46 31 0
97 40 33 0
127 43 40 0
58 36 36 1
113 41 36 0
198 51 33 0
76 38 35 0
106 41 41 1
176 48 31 0
38 33 33 1
203 52 42 0
190 50 42 0
115 42 33 0
75 37 33 0
125 42 33 0
116 42 42 1
128 43 40 0
157 45 45 1
